android/app/build/outputs/mapping/release/mapping.txt
# compiler: R8
# compiler_version: 1.4.94
# min_api: 16
com.ww.MainActivity -> com.ww.MainActivity:
    java.lang.String getMainComponentName() -> n
com.ww.MainApplication -> com.ww.MainApplication:
    com.facebook.react.ReactNativeHost mReactNativeHost -> a
    com.facebook.react.ReactNativeHost getReactNativeHost() -> a
    void initializeFlipper(android.content.Context) -> a
com.ww.MainApplication$1 -> com.ww.a:
    com.ww.MainApplication this$0 -> c
    java.lang.String getJSMainModuleName() -> e
    java.util.List getPackages() -> g
    boolean getUseDeveloperSupport() -> k
...
com.facebook.imagepipeline.memory.DummyBitmapPool -> com.facebook.imagepipeline.memory.q:
    void release(android.graphics.Bitmap) -> a
    void release(java.lang.Object) -> a
com.facebook.imagepipeline.memory.DummyTrackingInUseBitmapPool -> com.facebook.imagepipeline.memory.r:
    java.util.Set mInUseValues -> a
    void release(android.graphics.Bitmap) -> a
    void release(java.lang.Object) -> a
com.facebook.imagepipeline.memory.FlexByteArrayPool -> com.facebook.imagepipeline.memory.t:
    com.facebook.imagepipeline.memory.FlexByteArrayPool$SoftRefByteArrayPool mDelegatePool -> b
    com.facebook.common.references.ResourceReleaser mResourceReleaser -> a
    com.facebook.common.references.CloseableReference get(int) -> a
    void release(byte[]) -> a
com.facebook.imagepipeline.memory.FlexByteArrayPool$1 -> com.facebook.imagepipeline.memory.s:
    com.facebook.imagepipeline.memory.FlexByteArrayPool this$0 -> a
    void release(java.lang.Object) -> a
    void release(byte[]) -> a
com.facebook.imagepipeline.memory.FlexByteArrayPool$SoftRefByteArrayPool -> com.facebook.imagepipeline.memory.t$a:
    com.facebook.imagepipeline.memory.Bucket newBucket(int) -> f
com.facebook.imagepipeline.memory.GenericByteArrayPool -> com.facebook.imagepipeline.memory.u:
    int[] mBucketSizes -> j
    java.lang.Object alloc(int) -> a
    byte[] alloc(int) -> a
    void free(byte[]) -> a
    void free(java.lang.Object) -> b
    int getBucketedSizeForValue(byte[]) -> b
    int getBucketedSizeForValue(java.lang.Object) -> c
    int getBucketedSize(int) -> d
    int getSizeInBytes(int) -> e
com.facebook.imagepipeline.memory.LruBitmapPool -> com.facebook.imagepipeline.memory.v:
    com.facebook.imagepipeline.memory.PoolStatsTracker mPoolStatsTracker -> d
    int mCurrentSize -> e
    int mMaxPoolSize -> b
    int mMaxBitmapSize -> c
    com.facebook.imagepipeline.memory.PoolBackend mStrategy -> a
    android.graphics.Bitmap alloc(int) -> a
    void release(android.graphics.Bitmap) -> a
    void release(java.lang.Object) -> a
    void trimTo(int) -> b
com.facebook.imagepipeline.memory.LruBucketsPoolBackend -> com.facebook.imagepipeline.memory.w:
    com.facebook.imagepipeline.memory.BucketMap mMap -> b
    java.util.Set mCurrentItems -> a
    java.lang.Object maybeRemoveFromCurrentItems(java.lang.Object) -> b
com.facebook.imagepipeline.memory.MemoryChunk -> com.facebook.imagepipeline.memory.x:
    void copy(int,com.facebook.imagepipeline.memory.MemoryChunk,int,int) -> a
    byte read(int) -> a
    int read(int,byte[],int,int) -> a
    int write(int,byte[],int,int) -> b
    int getSize() -> m
    long getUniqueId() -> n
    java.nio.ByteBuffer getByteBuffer() -> o
    long getNativePtr() -> p
com.facebook.imagepipeline.memory.MemoryChunkPool -> com.facebook.imagepipeline.memory.y:
    int[] mBucketSizes -> j
    com.facebook.imagepipeline.memory.MemoryChunk alloc(int) -> a
    java.lang.Object alloc(int) -> a
    void free(com.facebook.imagepipeline.memory.MemoryChunk) -> a
    void free(java.lang.Object) -> b
    int getBucketedSizeForValue(com.facebook.imagepipeline.memory.MemoryChunk) -> b
    int getBucketedSizeForValue(java.lang.Object) -> c
    boolean isReusable(com.facebook.imagepipeline.memory.MemoryChunk) -> c
    int getBucketedSize(int) -> d
    int getMinBufferSize() -> d
    boolean isReusable(java.lang.Object) -> d
    int getSizeInBytes(int) -> e
com.facebook.imagepipeline.memory.MemoryChunkUtil -> com.facebook.imagepipeline.memory.z:
    int adjustByteCount(int,int,int) -> a
    void checkBounds(int,int,int,int,int) -> a
com.facebook.imagepipeline.memory.MemoryPooledByteBuffer -> com.facebook.imagepipeline.memory.A:
    com.facebook.common.references.CloseableReference mBufRef -> b
    int mSize -> a
    void ensureValid() -> a
    byte read(int) -> a
    int read(int,byte[],int,int) -> a